2024-03-07T07:24:05.397Z info: Listening for HTTP queries on: http://localhost:80
2024-03-07T13:41:01.888Z info: Received request on /api/maria/user/register
2024-03-07T13:41:04.884Z info: The SMS code is: 6340
2024-03-07T13:41:05.403Z info: Received API response: [object Object]
2024-03-07T13:45:16.800Z info: Received request on /api/maria/user/register
2024-03-07T13:45:19.720Z info: The SMS code is: 3762
2024-03-07T13:45:19.817Z info: Received API response: [object Object]
2024-03-07T13:45:38.214Z info: Received request on /api/maria/user/validate
2024-03-07T13:45:38.433Z info: Received API response: [object Object]
2024-03-07T13:50:46.098Z info: Received request on /api/maria/user/register
2024-03-07T13:50:49.012Z info: The SMS code is: 5930
2024-03-07T13:50:49.253Z info: Received API response: [object Object]
2024-03-07T13:51:17.738Z info: Received request on /api/maria/user/validate
2024-03-07T13:51:17.775Z info: Received API response: [object Object]
2024-03-07T14:04:48.222Z info: Received request on /api/maria/user/register
2024-03-07T14:04:52.175Z info: The SMS code is: 6737
2024-03-07T14:04:52.398Z info: Received API response: [object Object]
2024-03-07T14:28:38.430Z info: Received request on /api/maria/user/login
2024-03-07T14:28:38.533Z info: Received API response: [object Object]
2024-03-07T14:28:39.058Z info: Received request on /api/maria/user/admin_get_list
2024-03-07T14:28:40.430Z info: Received API response: {"data":[{"nickname":"alex","groups":[],"phone_number":"-0","plan":"free","email":"admin@admin"},{"nickname":"alex","groups":[],"phone_number":"-0","plan":"free","email":"admin@admin"},{"nickname":"alex2","groups":[],"phone_number":"-0","plan":"free","email":"admin@admin"},{"nickname":"alex3","groups":[],"phone_number":"-0","plan":"free","email":"admin@admin"},{"nickname":"alex4","groups":[],"phone_number":"-0","plan":"free","email":"admin@admin"},{"nickname":"adaasd","groups":[],"phone_number":"6889161","plan":"free","email":"asdasdasd"},{"nickname":"kilpepo","groups":[],"phone_number":"002153","plan":"free","email":"juan@juan"},{"nickname":"admin","groups":[],"phone_number":"o7","plan":"free","email":"admin@admin"},{"nickname":"kilpepo","groups":[],"phone_number":"0","plan":"free","email":"juan@juan"},{"nickname":"123","groups":[],"phone_number":"688916185","plan":"free","email":"123"},{"nickname":"123","groups":[],"phone_number":"1","plan":"free","email":"123"},{"nickname":"123","groups":[],"phone_number":"1","plan":"free","email":"123"},{"nickname":"hdsjhd","groups":[],"phone_number":"605937104","plan":"free","email":"sjhdshj"},{"nickname":"xjxchjdh","groups":[],"phone_number":"620743774","plan":"free","email":"jdhjfh"},{"nickname":"fsfffd","groups":[],"phone_number":"644306702","plan":"free","email":"mdfmfh"},{"nickname":"jfhjdh","groups":[],"phone_number":"375454","plan":"free","email":"jshjfhj"},{"nickname":"dani","groups":["Administrator"],"phone_number":"dani","plan":"premium","email":"null"},{"nickname":"dani","groups":[],"phone_number":"dani","plan":"free","email":"null"},{"nickname":"dani","groups":[],"phone_number":"dani","plan":"free","email":"null"}],"message":"OK","status":"OK"}
2024-03-07T14:29:04.185Z info: Received request on /api/maria/user/admin_change_plan
2024-03-07T14:29:04.352Z error: Validate user request returned error code: 500
